<?xml version="1.0" encoding="utf-8"?>
<coverage line-rate="0.7905" branch-rate="0.875" version="1.9" timestamp="1608566763" lines-covered="151" lines-valid="191" branches-covered="56" branches-valid="64">
  <sources>
    <source>D:\source\trx-viewer\Trx.Viewer.Core\</source>
  </sources>
  <packages>
    <package name="Trx.Viewer.Core" line-rate="0.7905" branch-rate="0.875" complexity="94">
      <classes>
        <class name="Trx.Viewer.Core.Domain.TestErrorInfo" filename="Domain\TestErrorInfo.cs" line-rate="1" branch-rate="1" complexity="6">
          <methods>
            <method name="get_Message" signature="()" line-rate="1" branch-rate="1" complexity="1">
              <lines>
                <line number="7" hits="30" branch="False" />
              </lines>
            </method>
            <method name="get_StackTrace" signature="()" line-rate="1" branch-rate="1" complexity="1">
              <lines>
                <line number="8" hits="28" branch="False" />
              </lines>
            </method>
            <method name=".ctor" signature="(System.String,System.String)" line-rate="1" branch-rate="1" complexity="4">
              <lines>
                <line number="11" hits="27" branch="False" />
                <line number="12" hits="27" branch="True" condition-coverage="100% (2/2)">
                  <conditions>
                    <condition number="4" type="jump" coverage="100%" />
                  </conditions>
                </line>
                <line number="13" hits="26" branch="True" condition-coverage="100% (2/2)">
                  <conditions>
                    <condition number="27" type="jump" coverage="100%" />
                  </conditions>
                </line>
                <line number="14" hits="25" branch="False" />
              </lines>
            </method>
          </methods>
          <lines>
            <line number="7" hits="30" branch="False" />
            <line number="8" hits="28" branch="False" />
            <line number="11" hits="27" branch="False" />
            <line number="12" hits="27" branch="True" condition-coverage="100% (2/2)">
              <conditions>
                <condition number="4" type="jump" coverage="100%" />
              </conditions>
            </line>
            <line number="13" hits="26" branch="True" condition-coverage="100% (2/2)">
              <conditions>
                <condition number="27" type="jump" coverage="100%" />
              </conditions>
            </line>
            <line number="14" hits="25" branch="False" />
          </lines>
        </class>
        <class name="Trx.Viewer.Core.Domain.TrxTestResult" filename="Domain\TrxTestResult.cs" line-rate="0.6315" branch-rate="1" complexity="18">
          <methods>
            <method name="get_ExecutionId" signature="()" line-rate="1" branch-rate="1" complexity="1">
              <lines>
                <line number="10" hits="131" branch="False" />
              </lines>
            </method>
            <method name="get_TestId" signature="()" line-rate="1" branch-rate="1" complexity="1">
              <lines>
                <line number="11" hits="74" branch="False" />
              </lines>
            </method>
            <method name="get_TestName" signature="()" line-rate="0" branch-rate="1" complexity="1">
              <lines>
                <line number="12" hits="0" branch="False" />
              </lines>
            </method>
            <method name="get_ComputerName" signature="()" line-rate="0" branch-rate="1" complexity="1">
              <lines>
                <line number="13" hits="0" branch="False" />
              </lines>
            </method>
            <method name="get_Duration" signature="()" line-rate="0" branch-rate="1" complexity="1">
              <lines>
                <line number="14" hits="0" branch="False" />
              </lines>
            </method>
            <method name="get_StartTime" signature="()" line-rate="0" branch-rate="1" complexity="1">
              <lines>
                <line number="15" hits="0" branch="False" />
              </lines>
            </method>
            <method name="get_EndTime" signature="()" line-rate="0" branch-rate="1" complexity="1">
              <lines>
                <line number="16" hits="0" branch="False" />
              </lines>
            </method>
            <method name="get_Outcome" signature="()" line-rate="1" branch-rate="1" complexity="1">
              <lines>
                <line number="17" hits="43" branch="False" />
              </lines>
            </method>
            <method name="get_TestListId" signature="()" line-rate="1" branch-rate="1" complexity="1">
              <lines>
                <line number="18" hits="74" branch="False" />
              </lines>
            </method>
            <method name="get_TestListName" signature="()" line-rate="0" branch-rate="1" complexity="1">
              <lines>
                <line number="19" hits="0" branch="False" />
              </lines>
            </method>
            <method name="get_TestClass" signature="()" line-rate="0" branch-rate="1" complexity="1">
              <lines>
                <line number="20" hits="0" branch="False" />
              </lines>
            </method>
            <method name="get_ParentExecutionId" signature="()" line-rate="1" branch-rate="1" complexity="1">
              <lines>
                <line number="21" hits="189" branch="False" />
              </lines>
            </method>
            <method name="get_DataRowInfo" signature="()" line-rate="1" branch-rate="1" complexity="1">
              <lines>
                <line number="22" hits="24" branch="False" />
              </lines>
            </method>
            <method name="get_ResultType" signature="()" line-rate="1" branch-rate="1" complexity="1">
              <lines>
                <line number="23" hits="28" branch="False" />
              </lines>
            </method>
            <method name="get_ErrorInfo" signature="()" line-rate="1" branch-rate="1" complexity="1">
              <lines>
                <line number="24" hits="41" branch="False" />
              </lines>
            </method>
            <method name="get_Children" signature="()" line-rate="1" branch-rate="1" complexity="1">
              <lines>
                <line number="25" hits="16" branch="False" />
              </lines>
            </method>
            <method name="HasChildren" signature="()" line-rate="1" branch-rate="1" complexity="2">
              <lines>
                <line number="28" hits="3" branch="False" />
                <line number="29" hits="3" branch="True" condition-coverage="100% (2/2)">
                  <conditions>
                    <condition number="7" type="jump" coverage="100%" />
                  </conditions>
                </line>
                <line number="30" hits="3" branch="False" />
              </lines>
            </method>
          </methods>
          <lines>
            <line number="10" hits="131" branch="False" />
            <line number="11" hits="74" branch="False" />
            <line number="12" hits="0" branch="False" />
            <line number="13" hits="0" branch="False" />
            <line number="14" hits="0" branch="False" />
            <line number="15" hits="0" branch="False" />
            <line number="16" hits="0" branch="False" />
            <line number="17" hits="43" branch="False" />
            <line number="18" hits="74" branch="False" />
            <line number="19" hits="0" branch="False" />
            <line number="20" hits="0" branch="False" />
            <line number="21" hits="189" branch="False" />
            <line number="22" hits="24" branch="False" />
            <line number="23" hits="28" branch="False" />
            <line number="24" hits="41" branch="False" />
            <line number="25" hits="16" branch="False" />
            <line number="28" hits="3" branch="False" />
            <line number="29" hits="3" branch="True" condition-coverage="100% (2/2)">
              <conditions>
                <condition number="7" type="jump" coverage="100%" />
              </conditions>
            </line>
            <line number="30" hits="3" branch="False" />
          </lines>
        </class>
        <class name="Trx.Viewer.Core.Business.Trx.TrxResultFileReader" filename="Business\Trx\TrxResultFileReader.cs" line-rate="0.8079000000000001" branch-rate="0.8571" complexity="63">
          <methods>
            <method name="get_FileSystem" signature="()" line-rate="1" branch-rate="1" complexity="1">
              <lines>
                <line number="31" hits="13" branch="False" />
              </lines>
            </method>
            <method name="get_Logger" signature="()" line-rate="1" branch-rate="1" complexity="1">
              <lines>
                <line number="32" hits="69" branch="False" />
              </lines>
            </method>
            <method name="get_Localizer" signature="()" line-rate="1" branch-rate="1" complexity="1">
              <lines>
                <line number="33" hits="13" branch="False" />
              </lines>
            </method>
            <method name="get_XmlDocument" signature="()" line-rate="1" branch-rate="1" complexity="1">
              <lines>
                <line number="34" hits="137" branch="False" />
              </lines>
            </method>
            <method name="Read" signature="(System.String)" line-rate="1" branch-rate="1" complexity="1">
              <lines>
                <line number="37" hits="8" branch="False" />
                <line number="38" hits="8" branch="False" />
                <line number="39" hits="6" branch="False" />
              </lines>
            </method>
            <method name="Read" signature="(System.String[])" line-rate="1" branch-rate="1" complexity="2">
              <lines>
                <line number="42" hits="4" branch="False" />
                <line number="43" hits="4" branch="False" />
                <line number="44" hits="32" branch="True" condition-coverage="100% (2/2)">
                  <conditions>
                    <condition number="77" type="jump" coverage="100%" />
                  </conditions>
                </line>
                <line number="45" hits="10" branch="False" />
                <line number="47" hits="10" branch="False" />
                <line number="48" hits="10" branch="False" />
                <line number="49" hits="10" branch="False" />
                <line number="50" hits="5" branch="False" />
                <line number="51" hits="5" branch="False" />
                <line number="52" hits="5" branch="False" />
                <line number="53" hits="10" branch="False" />
                <line number="54" hits="4" branch="False" />
                <line number="55" hits="4" branch="False" />
              </lines>
            </method>
            <method name="Validate" signature="(System.String)" line-rate="0" branch-rate="0" complexity="4">
              <lines>
                <line number="58" hits="0" branch="False" />
                <line number="59" hits="0" branch="False" />
                <line number="60" hits="0" branch="False" />
                <line number="61" hits="0" branch="False" />
                <line number="62" hits="0" branch="False" />
                <line number="63" hits="0" branch="False" />
                <line number="64" hits="0" branch="False" />
                <line number="65" hits="0" branch="False" />
                <line number="66" hits="0" branch="True" condition-coverage="0% (0/2)">
                  <conditions>
                    <condition number="119" type="jump" coverage="0%" />
                  </conditions>
                </line>
                <line number="67" hits="0" branch="True" condition-coverage="0% (0/2)">
                  <conditions>
                    <condition number="131" type="jump" coverage="0%" />
                  </conditions>
                </line>
                <line number="68" hits="0" branch="False" />
                <line number="69" hits="0" branch="False" />
                <line number="70" hits="0" branch="False" />
                <line number="71" hits="0" branch="False" />
                <line number="72" hits="0" branch="False" />
                <line number="73" hits="0" branch="False" />
              </lines>
            </method>
            <method name="Validate" signature="(System.String[])" line-rate="0" branch-rate="0" complexity="2">
              <lines>
                <line number="76" hits="0" branch="False" />
                <line number="77" hits="0" branch="False" />
                <line number="78" hits="0" branch="True" condition-coverage="0% (0/2)">
                  <conditions>
                    <condition number="43" type="jump" coverage="0%" />
                  </conditions>
                </line>
                <line number="79" hits="0" branch="False" />
                <line number="80" hits="0" branch="False" />
                <line number="81" hits="0" branch="False" />
                <line number="82" hits="0" branch="False" />
                <line number="83" hits="0" branch="False" />
              </lines>
            </method>
            <method name="ValidationError" signature="(System.Object,System.Xml.Schema.ValidationEventArgs)" line-rate="0" branch-rate="1" complexity="1">
              <lines>
                <line number="86" hits="0" branch="False" />
                <line number="87" hits="0" branch="False" />
                <line number="88" hits="0" branch="False" />
                <line number="89" hits="0" branch="False" />
                <line number="90" hits="0" branch="False" />
              </lines>
            </method>
            <method name="SetXmlNamespaceManager" signature="()" line-rate="1" branch-rate="1" complexity="2">
              <lines>
                <line number="93" hits="11" branch="False" />
                <line number="94" hits="11" branch="True" condition-coverage="100% (2/2)">
                  <conditions>
                    <condition number="32" type="jump" coverage="100%" />
                  </conditions>
                </line>
                <line number="95" hits="9" branch="False" />
                <line number="96" hits="9" branch="False" />
                <line number="97" hits="9" branch="False" />
                <line number="99" hits="9" branch="False" />
                <line number="100" hits="9" branch="False" />
                <line number="101" hits="9" branch="False" />
                <line number="102" hits="11" branch="False" />
              </lines>
            </method>
            <method name="ReadFile" signature="(System.String)" line-rate="1" branch-rate="0.875" complexity="16">
              <lines>
                <line number="105" hits="18" branch="False" />
                <line number="106" hits="23" branch="True" condition-coverage="100% (2/2)">
                  <conditions>
                    <condition number="17" type="jump" coverage="100%" />
                  </conditions>
                </line>
                <line number="107" hits="15" branch="True" condition-coverage="100% (2/2)">
                  <conditions>
                    <condition number="54" type="jump" coverage="100%" />
                  </conditions>
                </line>
                <line number="111" hits="11" branch="False" />
                <line number="112" hits="11" branch="False" />
                <line number="113" hits="11" branch="False" />
                <line number="115" hits="11" branch="False" />
                <line number="116" hits="111" branch="True" condition-coverage="100% (2/2)">
                  <conditions>
                    <condition number="145" type="jump" coverage="100%" />
                  </conditions>
                </line>
                <line number="117" hits="39" branch="False" />
                <line number="118" hits="39" branch="False" />
                <line number="119" hits="39" branch="False" />
                <line number="121" hits="11" branch="False" />
                <line number="123" hits="60" branch="True" condition-coverage="100% (2/2)">
                  <conditions>
                    <condition number="15" type="jump" coverage="100%" />
                  </conditions>
                </line>
                <line number="124" hits="11" branch="True" condition-coverage="100% (2/2)">
                  <conditions>
                    <condition number="235" type="jump" coverage="100%" />
                  </conditions>
                </line>
                <line number="125" hits="5" branch="False" />
                <line number="127" hits="36" branch="True" condition-coverage="100% (2/2)">
                  <conditions>
                    <condition number="23" type="jump" coverage="100%" />
                  </conditions>
                </line>
                <line number="128" hits="5" branch="False" />
                <line number="131" hits="10" branch="False" />
                <line number="132" hits="36" branch="True" condition-coverage="50% (2/4)">
                  <conditions>
                    <condition number="27" type="jump" coverage="50%" />
                    <condition number="39" type="jump" coverage="50%" />
                  </conditions>
                </line>
                <line number="133" hits="10" branch="False" />
                <line number="134" hits="10" branch="False" />
                <line number="135" hits="5" branch="False" />
                <line number="136" hits="5" branch="False" />
                <line number="137" hits="5" branch="False" />
                <line number="139" hits="6" branch="False" />
                <line number="140" hits="6" branch="False" />
                <line number="141" hits="6" branch="False" />
                <line number="142" hits="11" branch="False" />
                <line number="143" hits="11" branch="False" />
                <line number="144" hits="11" branch="False" />
              </lines>
            </method>
            <method name="GetTrxTestResultFromXmlNode" signature="(System.Xml.XmlNode)" line-rate="1" branch-rate="1" complexity="10">
              <lines>
                <line number="149" hits="39" branch="False" />
                <line number="151" hits="39" branch="False" />
                <line number="153" hits="39" branch="False" />
                <line number="154" hits="39" branch="False" />
                <line number="155" hits="39" branch="False" />
                <line number="156" hits="39" branch="False" />
                <line number="157" hits="39" branch="False" />
                <line number="158" hits="39" branch="False" />
                <line number="159" hits="39" branch="False" />
                <line number="160" hits="39" branch="False" />
                <line number="161" hits="39" branch="False" />
                <line number="162" hits="39" branch="False" />
                <line number="163" hits="39" branch="False" />
                <line number="164" hits="39" branch="False" />
                <line number="166" hits="37" branch="False" />
                <line number="167" hits="37" branch="False" />
                <line number="168" hits="37" branch="False" />
                <line number="170" hits="37" branch="True" condition-coverage="100% (4/4)">
                  <conditions>
                    <condition number="373" type="jump" coverage="100%" />
                    <condition number="393" type="jump" coverage="100%" />
                  </conditions>
                </line>
                <line number="171" hits="26" branch="False" />
                <line number="172" hits="26" branch="False" />
                <line number="173" hits="26" branch="True" condition-coverage="100% (4/4)">
                  <conditions>
                    <condition number="427" type="jump" coverage="100%" />
                    <condition number="449" type="jump" coverage="100%" />
                  </conditions>
                </line>
                <line number="174" hits="20" branch="False" />
                <line number="175" hits="26" branch="True" condition-coverage="100% (2/2)">
                  <conditions>
                    <condition number="489" type="jump" coverage="100%" />
                  </conditions>
                </line>
                <line number="176" hits="23" branch="False" />
                <line number="177" hits="26" branch="False" />
                <line number="178" hits="37" branch="False" />
                <line number="179" hits="37" branch="False" />
                <line number="181" hits="2" branch="False" />
                <line number="182" hits="2" branch="False" />
                <line number="183" hits="2" branch="False" />
                <line number="184" hits="2" branch="False" />
                <line number="186" hits="39" branch="False" />
              </lines>
            </method>
            <method name="GetUnitTestResultsFromXmlDocument" signature="()" line-rate="1" branch-rate="1" complexity="2">
              <lines>
                <line number="189" hits="11" branch="False" />
                <line number="190" hits="31" branch="True" condition-coverage="100% (2/2)">
                  <conditions>
                    <condition number="12" type="jump" coverage="100%" />
                  </conditions>
                </line>
                <line number="191" hits="2" branch="False" />
                <line number="192" hits="11" branch="False" />
              </lines>
            </method>
            <method name="GetTestClassNameFromXmlDocument" signature="(System.Guid)" line-rate="1" branch-rate="1" complexity="2">
              <lines>
                <line number="195" hits="37" branch="False" />
                <line number="197" hits="142" branch="True" condition-coverage="100% (2/2)">
                  <conditions>
                    <condition number="12" type="jump" coverage="100%" />
                  </conditions>
                </line>
                <line number="198" hits="6" branch="False" />
                <line number="199" hits="37" branch="False" />
                <line number="200" hits="37" branch="False" />
              </lines>
            </method>
            <method name="GetTestListNameFromXmlDocument" signature="(System.Guid)" line-rate="1" branch-rate="1" complexity="2">
              <lines>
                <line number="203" hits="37" branch="False" />
                <line number="205" hits="142" branch="True" condition-coverage="100% (2/2)">
                  <conditions>
                    <condition number="12" type="jump" coverage="100%" />
                  </conditions>
                </line>
                <line number="206" hits="6" branch="False" />
                <line number="207" hits="37" branch="False" />
                <line number="208" hits="37" branch="False" />
              </lines>
            </method>
            <method name="GetTestErrorInfoFromXmlNode" signature="(System.Xml.XmlNode)" line-rate="1" branch-rate="1" complexity="14">
              <lines>
                <line number="211" hits="37" branch="False" />
                <line number="212" hits="48" branch="True" condition-coverage="100% (2/2)">
                  <conditions>
                    <condition number="12" type="jump" coverage="100%" />
                  </conditions>
                </line>
                <line number="216" hits="101" branch="True" condition-coverage="100% (4/4)">
                  <conditions>
                    <condition number="43" type="jump" coverage="100%" />
                    <condition number="64" type="jump" coverage="100%" />
                  </conditions>
                </line>
                <line number="217" hits="3" branch="False" />
                <line number="221" hits="101" branch="True" condition-coverage="100% (4/4)">
                  <conditions>
                    <condition number="111" type="jump" coverage="100%" />
                    <condition number="132" type="jump" coverage="100%" />
                  </conditions>
                </line>
                <line number="222" hits="3" branch="False" />
                <line number="224" hits="28" branch="True" condition-coverage="100% (4/4)">
                  <conditions>
                    <condition number="167" type="jump" coverage="100%" />
                    <condition number="180" type="jump" coverage="100%" />
                  </conditions>
                </line>
                <line number="226" hits="24" branch="False" />
                <line number="227" hits="37" branch="False" />
              </lines>
            </method>
            <method name=".ctor" signature="(System.IO.Abstractions.IFileSystem,Microsoft.Extensions.Logging.ILogger`1&lt;Trx.Viewer.Core.Business.Trx.TrxResultFileReader&gt;,Microsoft.Extensions.Localization.IStringLocalizer`1&lt;Trx.Viewer.Core.Business.Trx.TrxResultFileReader&gt;)" line-rate="1" branch-rate="1" complexity="1">
              <lines>
                <line number="20" hits="12" branch="False" />
                <line number="23" hits="12" branch="False" />
                <line number="24" hits="12" branch="False" />
                <line number="25" hits="12" branch="False" />
                <line number="26" hits="12" branch="False" />
                <line number="27" hits="12" branch="False" />
                <line number="28" hits="12" branch="False" />
                <line number="29" hits="12" branch="False" />
              </lines>
            </method>
          </methods>
          <lines>
            <line number="31" hits="13" branch="False" />
            <line number="32" hits="69" branch="False" />
            <line number="33" hits="13" branch="False" />
            <line number="34" hits="137" branch="False" />
            <line number="37" hits="8" branch="False" />
            <line number="38" hits="8" branch="False" />
            <line number="39" hits="6" branch="False" />
            <line number="42" hits="4" branch="False" />
            <line number="43" hits="4" branch="False" />
            <line number="44" hits="32" branch="True" condition-coverage="100% (2/2)">
              <conditions>
                <condition number="77" type="jump" coverage="100%" />
              </conditions>
            </line>
            <line number="45" hits="10" branch="False" />
            <line number="47" hits="10" branch="False" />
            <line number="48" hits="10" branch="False" />
            <line number="49" hits="10" branch="False" />
            <line number="50" hits="5" branch="False" />
            <line number="51" hits="5" branch="False" />
            <line number="52" hits="5" branch="False" />
            <line number="53" hits="10" branch="False" />
            <line number="54" hits="4" branch="False" />
            <line number="55" hits="4" branch="False" />
            <line number="58" hits="0" branch="False" />
            <line number="59" hits="0" branch="False" />
            <line number="60" hits="0" branch="False" />
            <line number="61" hits="0" branch="False" />
            <line number="62" hits="0" branch="False" />
            <line number="63" hits="0" branch="False" />
            <line number="64" hits="0" branch="False" />
            <line number="65" hits="0" branch="False" />
            <line number="66" hits="0" branch="True" condition-coverage="0% (0/2)">
              <conditions>
                <condition number="119" type="jump" coverage="0%" />
              </conditions>
            </line>
            <line number="67" hits="0" branch="True" condition-coverage="0% (0/2)">
              <conditions>
                <condition number="131" type="jump" coverage="0%" />
              </conditions>
            </line>
            <line number="68" hits="0" branch="False" />
            <line number="69" hits="0" branch="False" />
            <line number="70" hits="0" branch="False" />
            <line number="71" hits="0" branch="False" />
            <line number="72" hits="0" branch="False" />
            <line number="73" hits="0" branch="False" />
            <line number="76" hits="0" branch="False" />
            <line number="77" hits="0" branch="False" />
            <line number="78" hits="0" branch="True" condition-coverage="0% (0/2)">
              <conditions>
                <condition number="43" type="jump" coverage="0%" />
              </conditions>
            </line>
            <line number="79" hits="0" branch="False" />
            <line number="80" hits="0" branch="False" />
            <line number="81" hits="0" branch="False" />
            <line number="82" hits="0" branch="False" />
            <line number="83" hits="0" branch="False" />
            <line number="86" hits="0" branch="False" />
            <line number="87" hits="0" branch="False" />
            <line number="88" hits="0" branch="False" />
            <line number="89" hits="0" branch="False" />
            <line number="90" hits="0" branch="False" />
            <line number="93" hits="11" branch="False" />
            <line number="94" hits="11" branch="True" condition-coverage="100% (2/2)">
              <conditions>
                <condition number="32" type="jump" coverage="100%" />
              </conditions>
            </line>
            <line number="95" hits="9" branch="False" />
            <line number="96" hits="9" branch="False" />
            <line number="97" hits="9" branch="False" />
            <line number="99" hits="9" branch="False" />
            <line number="100" hits="9" branch="False" />
            <line number="101" hits="9" branch="False" />
            <line number="102" hits="11" branch="False" />
            <line number="105" hits="18" branch="False" />
            <line number="106" hits="23" branch="True" condition-coverage="100% (2/2)">
              <conditions>
                <condition number="17" type="jump" coverage="100%" />
              </conditions>
            </line>
            <line number="107" hits="15" branch="True" condition-coverage="100% (2/2)">
              <conditions>
                <condition number="54" type="jump" coverage="100%" />
              </conditions>
            </line>
            <line number="111" hits="11" branch="False" />
            <line number="112" hits="11" branch="False" />
            <line number="113" hits="11" branch="False" />
            <line number="115" hits="11" branch="False" />
            <line number="116" hits="111" branch="True" condition-coverage="100% (2/2)">
              <conditions>
                <condition number="145" type="jump" coverage="100%" />
              </conditions>
            </line>
            <line number="117" hits="39" branch="False" />
            <line number="118" hits="39" branch="False" />
            <line number="119" hits="39" branch="False" />
            <line number="121" hits="11" branch="False" />
            <line number="123" hits="60" branch="True" condition-coverage="100% (2/2)">
              <conditions>
                <condition number="15" type="jump" coverage="100%" />
              </conditions>
            </line>
            <line number="124" hits="11" branch="True" condition-coverage="100% (2/2)">
              <conditions>
                <condition number="235" type="jump" coverage="100%" />
              </conditions>
            </line>
            <line number="125" hits="5" branch="False" />
            <line number="127" hits="36" branch="True" condition-coverage="100% (2/2)">
              <conditions>
                <condition number="23" type="jump" coverage="100%" />
              </conditions>
            </line>
            <line number="128" hits="5" branch="False" />
            <line number="131" hits="10" branch="False" />
            <line number="132" hits="36" branch="True" condition-coverage="50% (2/4)">
              <conditions>
                <condition number="27" type="jump" coverage="50%" />
                <condition number="39" type="jump" coverage="50%" />
              </conditions>
            </line>
            <line number="133" hits="10" branch="False" />
            <line number="134" hits="10" branch="False" />
            <line number="135" hits="5" branch="False" />
            <line number="136" hits="5" branch="False" />
            <line number="137" hits="5" branch="False" />
            <line number="139" hits="6" branch="False" />
            <line number="140" hits="6" branch="False" />
            <line number="141" hits="6" branch="False" />
            <line number="142" hits="11" branch="False" />
            <line number="143" hits="11" branch="False" />
            <line number="144" hits="11" branch="False" />
            <line number="149" hits="39" branch="False" />
            <line number="151" hits="39" branch="False" />
            <line number="153" hits="39" branch="False" />
            <line number="154" hits="39" branch="False" />
            <line number="155" hits="39" branch="False" />
            <line number="156" hits="39" branch="False" />
            <line number="157" hits="39" branch="False" />
            <line number="158" hits="39" branch="False" />
            <line number="159" hits="39" branch="False" />
            <line number="160" hits="39" branch="False" />
            <line number="161" hits="39" branch="False" />
            <line number="162" hits="39" branch="False" />
            <line number="163" hits="39" branch="False" />
            <line number="164" hits="39" branch="False" />
            <line number="166" hits="37" branch="False" />
            <line number="167" hits="37" branch="False" />
            <line number="168" hits="37" branch="False" />
            <line number="170" hits="37" branch="True" condition-coverage="100% (4/4)">
              <conditions>
                <condition number="373" type="jump" coverage="100%" />
                <condition number="393" type="jump" coverage="100%" />
              </conditions>
            </line>
            <line number="171" hits="26" branch="False" />
            <line number="172" hits="26" branch="False" />
            <line number="173" hits="26" branch="True" condition-coverage="100% (4/4)">
              <conditions>
                <condition number="427" type="jump" coverage="100%" />
                <condition number="449" type="jump" coverage="100%" />
              </conditions>
            </line>
            <line number="174" hits="20" branch="False" />
            <line number="175" hits="26" branch="True" condition-coverage="100% (2/2)">
              <conditions>
                <condition number="489" type="jump" coverage="100%" />
              </conditions>
            </line>
            <line number="176" hits="23" branch="False" />
            <line number="177" hits="26" branch="False" />
            <line number="178" hits="37" branch="False" />
            <line number="179" hits="37" branch="False" />
            <line number="181" hits="2" branch="False" />
            <line number="182" hits="2" branch="False" />
            <line number="183" hits="2" branch="False" />
            <line number="184" hits="2" branch="False" />
            <line number="186" hits="39" branch="False" />
            <line number="189" hits="11" branch="False" />
            <line number="190" hits="31" branch="True" condition-coverage="100% (2/2)">
              <conditions>
                <condition number="12" type="jump" coverage="100%" />
              </conditions>
            </line>
            <line number="191" hits="2" branch="False" />
            <line number="192" hits="11" branch="False" />
            <line number="195" hits="37" branch="False" />
            <line number="197" hits="142" branch="True" condition-coverage="100% (2/2)">
              <conditions>
                <condition number="12" type="jump" coverage="100%" />
              </conditions>
            </line>
            <line number="198" hits="6" branch="False" />
            <line number="199" hits="37" branch="False" />
            <line number="200" hits="37" branch="False" />
            <line number="203" hits="37" branch="False" />
            <line number="205" hits="142" branch="True" condition-coverage="100% (2/2)">
              <conditions>
                <condition number="12" type="jump" coverage="100%" />
              </conditions>
            </line>
            <line number="206" hits="6" branch="False" />
            <line number="207" hits="37" branch="False" />
            <line number="208" hits="37" branch="False" />
            <line number="211" hits="37" branch="False" />
            <line number="212" hits="48" branch="True" condition-coverage="100% (2/2)">
              <conditions>
                <condition number="12" type="jump" coverage="100%" />
              </conditions>
            </line>
            <line number="216" hits="101" branch="True" condition-coverage="100% (4/4)">
              <conditions>
                <condition number="43" type="jump" coverage="100%" />
                <condition number="64" type="jump" coverage="100%" />
              </conditions>
            </line>
            <line number="217" hits="3" branch="False" />
            <line number="221" hits="101" branch="True" condition-coverage="100% (4/4)">
              <conditions>
                <condition number="111" type="jump" coverage="100%" />
                <condition number="132" type="jump" coverage="100%" />
              </conditions>
            </line>
            <line number="222" hits="3" branch="False" />
            <line number="224" hits="28" branch="True" condition-coverage="100% (4/4)">
              <conditions>
                <condition number="167" type="jump" coverage="100%" />
                <condition number="180" type="jump" coverage="100%" />
              </conditions>
            </line>
            <line number="226" hits="24" branch="False" />
            <line number="227" hits="37" branch="False" />
            <line number="20" hits="12" branch="False" />
            <line number="23" hits="12" branch="False" />
            <line number="24" hits="12" branch="False" />
            <line number="25" hits="12" branch="False" />
            <line number="26" hits="12" branch="False" />
            <line number="27" hits="12" branch="False" />
            <line number="28" hits="12" branch="False" />
            <line number="29" hits="12" branch="False" />
          </lines>
        </class>
        <class name="Trx.Viewer.Core.Business.Trx.TrxResultFileReaderExtensions" filename="Business\Trx\TrxResultFileReaderExtensions.cs" line-rate="1" branch-rate="1" complexity="3">
          <methods>
            <method name="ParseEnumFromXmlNode" signature="(Trx.Viewer.Core.Business.Trx.TrxResultFileReader,System.Xml.XmlAttributeCollection,System.String)" line-rate="1" branch-rate="1" complexity="2">
              <lines>
                <line number="9" hits="63" branch="False" />
                <line number="10" hits="63" branch="False" />
                <line number="11" hits="63" branch="True" condition-coverage="100% (2/2)">
                  <conditions>
                    <condition number="10" type="jump" coverage="100%" />
                  </conditions>
                </line>
                <line number="12" hits="60" branch="False" />
              </lines>
            </method>
            <method name="TryParseEnumFromXmlNode" signature="(Trx.Viewer.Core.Business.Trx.TrxResultFileReader,System.Xml.XmlAttributeCollection,System.String,TEnum&amp;)" line-rate="1" branch-rate="1" complexity="1">
              <lines>
                <line number="15" hits="26" branch="False" />
                <line number="16" hits="26" branch="False" />
                <line number="18" hits="26" branch="False" />
                <line number="19" hits="26" branch="False" />
                <line number="20" hits="23" branch="False" />
                <line number="21" hits="9" branch="False" />
                <line number="22" hits="26" branch="False" />
              </lines>
            </method>
          </methods>
          <lines>
            <line number="9" hits="63" branch="False" />
            <line number="10" hits="63" branch="False" />
            <line number="11" hits="63" branch="True" condition-coverage="100% (2/2)">
              <conditions>
                <condition number="10" type="jump" coverage="100%" />
              </conditions>
            </line>
            <line number="12" hits="60" branch="False" />
            <line number="15" hits="26" branch="False" />
            <line number="16" hits="26" branch="False" />
            <line number="18" hits="26" branch="False" />
            <line number="19" hits="26" branch="False" />
            <line number="20" hits="23" branch="False" />
            <line number="21" hits="9" branch="False" />
            <line number="22" hits="26" branch="False" />
          </lines>
        </class>
        <class name="Trx.Viewer.Core.Business.Trx.Exception.TrxSchemaValidationException" filename="Business\Trx\Exception\TrxSchemaValidationException.cs" line-rate="0" branch-rate="1" complexity="4">
          <methods>
            <method name=".ctor" signature="()" line-rate="0" branch-rate="1" complexity="1">
              <lines>
                <line number="9" hits="0" branch="False" />
              </lines>
            </method>
            <method name=".ctor" signature="(System.String)" line-rate="0" branch-rate="1" complexity="1">
              <lines>
                <line number="10" hits="0" branch="False" />
              </lines>
            </method>
            <method name=".ctor" signature="(System.String,System.Exception)" line-rate="0" branch-rate="1" complexity="1">
              <lines>
                <line number="11" hits="0" branch="False" />
              </lines>
            </method>
            <method name=".ctor" signature="(System.Runtime.Serialization.SerializationInfo,System.Runtime.Serialization.StreamingContext)" line-rate="0" branch-rate="1" complexity="1">
              <lines>
                <line number="14" hits="0" branch="False" />
              </lines>
            </method>
          </methods>
          <lines>
            <line number="9" hits="0" branch="False" />
            <line number="10" hits="0" branch="False" />
            <line number="11" hits="0" branch="False" />
            <line number="14" hits="0" branch="False" />
          </lines>
        </class>
      </classes>
    </package>
  </packages>
</coverage>